<?xml version="1.0" encoding="UTF-8"?>
<!-- Generated by org.testng.reporters.JUnitReportReporter -->
<testsuite hostname="DESKTOP-KHFPL78" failures="0" tests="27" name="com.ecommerce.testRunners.RegisterRunner" time="931.953" errors="0" timestamp="2025-03-21T02:04:57 PDT" skipped="0">
  <testcase classname="com.ecommerce.testRunners.RegisterRunner" name="runScenario" time="11.148"/>
  <testcase classname="com.ecommerce.testRunners.RegisterRunner" name="runScenario" time="26.228"/>
  <testcase classname="com.ecommerce.testRunners.RegisterRunner" name="runScenario" time="31.996"/>
  <testcase classname="com.ecommerce.testRunners.RegisterRunner" name="runScenario" time="17.107"/>
  <testcase classname="com.ecommerce.testRunners.RegisterRunner" name="runScenario" time="54.493"/>
  <testcase classname="com.ecommerce.testRunners.RegisterRunner" name="runScenario" time="23.211"/>
  <testcase classname="com.ecommerce.testRunners.RegisterRunner" name="runScenario" time="16.897"/>
  <testcase classname="com.ecommerce.testRunners.RegisterRunner" name="runScenario" time="17.200"/>
  <testcase classname="com.ecommerce.testRunners.RegisterRunner" name="runScenario" time="19.852"/>
  <testcase classname="com.ecommerce.testRunners.RegisterRunner" name="runScenario" time="179.821"/>
  <testcase classname="com.ecommerce.testRunners.RegisterRunner" name="runScenario" time="29.872"/>
  <testcase classname="com.ecommerce.testRunners.RegisterRunner" name="runScenario" time="16.876"/>
  <testcase classname="com.ecommerce.testRunners.RegisterRunner" name="runScenario" time="25.091"/>
  <testcase classname="com.ecommerce.testRunners.RegisterRunner" name="runScenario" time="9.366"/>
  <testcase classname="com.ecommerce.testRunners.RegisterRunner" name="runScenario" time="25.561"/>
  <testcase classname="com.ecommerce.testRunners.RegisterRunner" name="runScenario" time="96.009"/>
  <testcase classname="com.ecommerce.testRunners.RegisterRunner" name="runScenario" time="23.932"/>
  <testcase classname="com.ecommerce.testRunners.RegisterRunner" name="runScenario" time="45.447"/>
  <testcase classname="com.ecommerce.testRunners.RegisterRunner" name="runScenario" time="28.841"/>
  <testcase classname="com.ecommerce.testRunners.RegisterRunner" name="runScenario" time="12.106"/>
  <testcase classname="com.ecommerce.testRunners.RegisterRunner" name="runScenario" time="44.546"/>
  <testcase classname="com.ecommerce.testRunners.RegisterRunner" name="runScenario" time="13.794"/>
  <testcase classname="com.ecommerce.testRunners.RegisterRunner" name="runScenario" time="20.665"/>
  <testcase classname="com.ecommerce.testRunners.RegisterRunner" name="runScenario" time="35.015"/>
  <testcase classname="com.ecommerce.testRunners.RegisterRunner" name="runScenario" time="32.735"/>
  <testcase classname="com.ecommerce.testRunners.RegisterRunner" name="runScenario" time="37.441"/>
  <testcase classname="com.ecommerce.testRunners.RegisterRunner" name="runScenario" time="36.703"/>
</testsuite> <!-- com.ecommerce.testRunners.RegisterRunner -->
